Arguments: 
  E:\all\node\node.exe C:\Program Files (x86)\Yarn\bin\yarn.js

PATH: 
  C:\Python27\;C:\Python27\Scripts;C:\Windows\system32;C:\Windows;C:\Windows\System32\Wbem;C:\Windows\System32\WindowsPowerShell\v1.0\;C:\Program Files (x86)\NVIDIA Corporation\PhysX\Common;C:\ProgramData\chocolatey\bin;C:\Program Files (x86)\Yarn\bin\;C:\Users\c\AppData\Roaming\nvm;C:\Program Files\nodejs;E:\all\node\;C:\Users\c\AppData\Local\Microsoft\WindowsApps;E:\all\Microsoft VS Code\bin;E:\all\Git\bin;C:\Users\c\AppData\Local\Yarn\bin;E:\all\mongodb\bin;C:\tools\dart-sdk\bin;C:\Users\c\AppData\Roaming\Pub\Cache\bin;C:\Users\c\AppData\Roaming\nvm;C:\Program Files\nodejs;C:\Users\c\AppData\Roaming\npm

Yarn version: 
  1.15.2

Node version: 
  8.16.0

Platform: 
  win32 x64

Trace: 
  Error: https://registry.npm.taobao.org/hz-common-web-component: Not found
      at Request.params.callback [as _callback] (C:\Program Files (x86)\Yarn\lib\cli.js:65167:18)
      at Request.self.callback (C:\Program Files (x86)\Yarn\lib\cli.js:129541:22)
      at emitTwo (events.js:126:13)
      at Request.emit (events.js:214:7)
      at Request.<anonymous> (C:\Program Files (x86)\Yarn\lib\cli.js:130513:10)
      at emitOne (events.js:116:13)
      at Request.emit (events.js:211:7)
      at IncomingMessage.<anonymous> (C:\Program Files (x86)\Yarn\lib\cli.js:130435:12)
      at Object.onceWrapper (events.js:313:30)
      at emitNone (events.js:111:20)

npm manifest: 
  {
    "name": "me",
    "version": "1.0.0",
    "description": "My webpack project",
    "scripts": {
      "build": "webpack",
      "start": "webpack-dev-server --mode=development"
    },
    "devDependencies": {
      "@babel/core": "^7.4.5",
      "@babel/plugin-proposal-class-properties": "^7.5.0",
      "@babel/preset-env": "^7.4.5",
      "@babel/preset-react": "^7.0.0",
      "@babel/preset-stage-0": "^7.0.0",
      "antd": "^3.20.1",
      "babel-loader": "^8.0.6",
      "babel-plugin-import": "^1.12.0",
      "babel-plugin-syntax-dynamic-import": "^6.18.0",
      "clean-webpack-plugin": "^3.0.0",
      "css-loader": "^3.0.0",
      "csv-loader": "^3.0.2",
      "file-loader": "^4.0.0",
      "html-webpack-plugin": "^3.2.0",
      "hz-common-web-component": "*",
      "less": "^3.9.0",
      "less-loader": "^5.0.0",
      "path-to-regexp": "^1.7.0",
      "react": "^16.8.6",
      "react-dom": "^16.8.6",
      "react-loadable": "^5.5.0",
      "react-redux": "^7.1.0",
      "react-router": "^5.0.1",
      "react-router-dom": "^5.0.1",
      "redux": "^4.0.1",
      "redux-saga": "^1.0.3",
      "regenerator-runtime": "^0.13.2",
      "style-loader": "^0.23.1",
      "webpack": "^4.35.0",
      "webpack-cli": "^3.3.5",
      "webpack-dev-server": "^3.7.2",
      "webpack-merge": "^4.2.1",
      "xml-loader": "^1.2.1"
    }
  }

yarn manifest: 
  No manifest

Lockfile: 
  No lockfile
